<?xml version="1.0" encoding="UTF-8"?>
<!-- Generated by org.testng.reporters.JUnitReportReporter -->
<testsuite hostname="Marys-MBP" name="com.qa.verizon.test.HomePageTest" tests="2" failures="0" timestamp="21 Jul 2020 02:21:15 GMT" time="4.820" errors="0">
  <testcase name="clickSmartPhoneTest" time="4.655" classname="com.qa.verizon.test.HomePageTest"/>
  <testcase name="verifyHomePageTitleTest" time="0.165" classname="com.qa.verizon.test.HomePageTest"/>
</testsuite> <!-- com.qa.verizon.test.HomePageTest -->
