<?xml version="1.0" encoding="UTF-8"?>
<!-- Generated by org.testng.reporters.JUnitReportReporter -->
<testsuite hostname="Marys-MBP" name="com.qa.verizon.test.CartPageTest" tests="2" failures="0" timestamp="21 Jul 2020 03:54:04 GMT" time="0.245" errors="0">
  <testcase name="verifyPhoneName" time="0.042" classname="com.qa.verizon.test.CartPageTest"/>
  <testcase name="getCartPageTitleTest" time="0.203" classname="com.qa.verizon.test.CartPageTest"/>
</testsuite> <!-- com.qa.verizon.test.CartPageTest -->
