<?xml version="1.0" encoding="UTF-8"?>
<!-- Generated by org.testng.reporters.JUnitReportReporter -->
<testsuite hostname="Marys-MBP" name="com.qa.verizon.test.SmartPhonePageTest" tests="2" failures="0" timestamp="21 Jul 2020 02:22:55 GMT" time="5.428" errors="0">
  <testcase name="getVerifySmartPhonePage" time="4.393" classname="com.qa.verizon.test.SmartPhonePageTest"/>
  <testcase name="clickPhoneTest" time="1.035" classname="com.qa.verizon.test.SmartPhonePageTest"/>
</testsuite> <!-- com.qa.verizon.test.SmartPhonePageTest -->
